2024-12-18 10:09:09.082 [info] [main] Log level: Info
2024-12-18 10:09:09.083 [info] [main] Validating found git in: "git"
2024-12-18 10:09:09.083 [info] [main] Using git "2.43.0" from "git"
2024-12-18 10:09:09.083 [info] [Model][doInitialScan] Initial repository scan started
2024-12-18 10:09:09.083 [info] > git rev-parse --show-toplevel [9ms]
2024-12-18 10:09:09.083 [info] fatal: not a git repository (or any of the parent directories): .git
2024-12-18 10:09:09.083 [info] [Model][doInitialScan] Initial repository scan completed - repositories (0), closed repositories (0), parent repositories (0), unsafe repositories (0)
2024-12-18 10:09:11.751 [info] > git rev-parse --show-toplevel [5ms]
2024-12-18 10:09:11.751 [info] fatal: not a git repository (or any of the parent directories): .git
2024-12-18 10:12:11.671 [info] > git rev-parse --show-toplevel [3ms]
2024-12-18 10:12:11.672 [info] fatal: not a git repository (or any of the parent directories): .git
2024-12-18 10:12:49.208 [info] > git rev-parse --show-toplevel [2ms]
2024-12-18 10:12:49.211 [info] fatal: not a git repository (or any of the parent directories): .git
2024-12-18 10:12:53.063 [info] > git rev-parse --show-toplevel [10ms]
2024-12-18 10:12:53.063 [info] fatal: not a git repository (or any of the parent directories): .git
2024-12-18 10:13:04.319 [info] > git rev-parse --show-toplevel [5ms]
2024-12-18 10:13:04.319 [info] fatal: not a git repository (or any of the parent directories): .git
2024-12-18 10:13:12.436 [info] > git rev-parse --show-toplevel [7ms]
2024-12-18 10:13:12.436 [info] fatal: not a git repository (or any of the parent directories): .git
2024-12-18 10:16:10.795 [info] > git rev-parse --show-toplevel [4ms]
2024-12-18 10:16:10.795 [info] fatal: not a git repository (or any of the parent directories): .git
2024-12-18 10:16:17.649 [info] > git rev-parse --show-toplevel [3ms]
2024-12-18 10:16:17.649 [info] fatal: not a git repository (or any of the parent directories): .git
2024-12-18 10:18:23.966 [info] > git rev-parse --show-toplevel [2ms]
2024-12-18 10:18:23.966 [info] fatal: not a git repository (or any of the parent directories): .git
2024-12-18 10:18:25.227 [info] > git rev-parse --show-toplevel [3ms]
2024-12-18 10:18:25.227 [info] fatal: not a git repository (or any of the parent directories): .git
2024-12-18 10:18:39.763 [info] > git rev-parse --show-toplevel [4ms]
2024-12-18 10:18:39.763 [info] fatal: not a git repository (or any of the parent directories): .git
2024-12-18 10:18:40.782 [info] > git rev-parse --show-toplevel [4ms]
2024-12-18 10:18:40.782 [info] fatal: not a git repository (or any of the parent directories): .git
